Gazebo multi-robot simulator, version 11.14.0
Copyright (C) 2012 Open Source Robotics Foundation.
Released under the Apache 2 License.
http://gazebosim.org


(1700371782 342228761) [Msg] Waiting for master.
(1700371782 352276145) [Msg] Connected to gazebo master @ http://127.0.0.1:11054
(1700371782 352295756) [Msg] Publicized address: 10.0.0.195
(1700371782 787363947) [Msg] Loading world file [/home/mackenzie/enph353_gym-gazebo-noetic/gym_gazebo/envs/ros_ws/src/wheel_gazebo/worlds/wheel.world]
(1700371782 850059620) Init world[default]
(1700371783 79537719) [Wrn] [SystemPaths.cc:460] File or path does not exist ["/home/mackenzie/enph353_gym-gazebo_noetic_sensei/gym_gazebo/envs/ros_ws/src/wheel_gazebo/urdf/base.stl"] [/home/mackenzie/enph353_gym-gazebo_noetic_sensei/gym_gazebo/envs/ros_ws/src/wheel_gazebo/urdf/base.stl]
(1700371783 79657756) [Wrn] [SystemPaths.cc:460] File or path does not exist [""] [file:///home/mackenzie/enph353_gym-gazebo_noetic_sensei/gym_gazebo/envs/ros_ws/src/wheel_gazebo/urdf/base.stl]
(1700371783 79675659) [Err] [MeshShape.cc:64] Failed to find mesh file [file:///home/mackenzie/enph353_gym-gazebo_noetic_sensei/gym_gazebo/envs/ros_ws/src/wheel_gazebo/urdf/base.stl]
(1700371783 79709227) [Wrn] [SystemPaths.cc:460] File or path does not exist ["/home/mackenzie/enph353_gym-gazebo_noetic_sensei/gym_gazebo/envs/ros_ws/src/wheel_gazebo/urdf/wheel.stl"] [/home/mackenzie/enph353_gym-gazebo_noetic_sensei/gym_gazebo/envs/ros_ws/src/wheel_gazebo/urdf/wheel.stl]
(1700371783 79788286) [Wrn] [SystemPaths.cc:460] File or path does not exist [""] [file:///home/mackenzie/enph353_gym-gazebo_noetic_sensei/gym_gazebo/envs/ros_ws/src/wheel_gazebo/urdf/wheel.stl]
(1700371783 79797905) [Err] [MeshShape.cc:64] Failed to find mesh file [file:///home/mackenzie/enph353_gym-gazebo_noetic_sensei/gym_gazebo/envs/ros_ws/src/wheel_gazebo/urdf/wheel.stl]
(1700371783 795124672) applying Gaussian noise model with mean 0, stddev 0.007, bias 0
(1700371783 829787662) [Wrn] [SystemPaths.cc:460] File or path does not exist ["/home/mackenzie/enph353_gym-gazebo_noetic_sensei/gym_gazebo/envs/ros_ws/src/wheel_gazebo/urdf/wheel.stl"] [/home/mackenzie/enph353_gym-gazebo_noetic_sensei/gym_gazebo/envs/ros_ws/src/wheel_gazebo/urdf/wheel.stl]
(1700371783 829865209) [Wrn] [SystemPaths.cc:460] File or path does not exist [""] [file:///home/mackenzie/enph353_gym-gazebo_noetic_sensei/gym_gazebo/envs/ros_ws/src/wheel_gazebo/urdf/wheel.stl]
(1700371783 829876385) [Err] [Visual.cc:3047] No mesh specified
(1700371783 829979266) [Wrn] [SystemPaths.cc:460] File or path does not exist ["/home/mackenzie/enph353_gym-gazebo_noetic_sensei/gym_gazebo/envs/ros_ws/src/wheel_gazebo/urdf/wheel.stl"] [/home/mackenzie/enph353_gym-gazebo_noetic_sensei/gym_gazebo/envs/ros_ws/src/wheel_gazebo/urdf/wheel.stl]
(1700371783 830057756) [Wrn] [SystemPaths.cc:460] File or path does not exist [""] [file:///home/mackenzie/enph353_gym-gazebo_noetic_sensei/gym_gazebo/envs/ros_ws/src/wheel_gazebo/urdf/wheel.stl]
(1700371783 830067368) [Err] [Visual.cc:3047] No mesh specified
(1700371783 830076854) [Wrn] [SystemPaths.cc:460] File or path does not exist ["/home/mackenzie/enph353_gym-gazebo_noetic_sensei/gym_gazebo/envs/ros_ws/src/wheel_gazebo/urdf/wheel.stl"] [/home/mackenzie/enph353_gym-gazebo_noetic_sensei/gym_gazebo/envs/ros_ws/src/wheel_gazebo/urdf/wheel.stl]
(1700371783 830156703) [Wrn] [SystemPaths.cc:460] File or path does not exist [""] [file:///home/mackenzie/enph353_gym-gazebo_noetic_sensei/gym_gazebo/envs/ros_ws/src/wheel_gazebo/urdf/wheel.stl]
(1700371783 831303928) [Wrn] [SystemPaths.cc:460] File or path does not exist ["/home/mackenzie/enph353_gym-gazebo_noetic_sensei/gym_gazebo/envs/ros_ws/src/wheel_gazebo/urdf/base.stl"] [/home/mackenzie/enph353_gym-gazebo_noetic_sensei/gym_gazebo/envs/ros_ws/src/wheel_gazebo/urdf/base.stl]
(1700371783 831439961) [Wrn] [SystemPaths.cc:460] File or path does not exist [""] [file:///home/mackenzie/enph353_gym-gazebo_noetic_sensei/gym_gazebo/envs/ros_ws/src/wheel_gazebo/urdf/base.stl]
(1700371783 831451606) [Err] [Visual.cc:3047] No mesh specified
(1700371783 831514242) [Wrn] [SystemPaths.cc:460] File or path does not exist ["/home/mackenzie/enph353_gym-gazebo_noetic_sensei/gym_gazebo/envs/ros_ws/src/wheel_gazebo/urdf/base.stl"] [/home/mackenzie/enph353_gym-gazebo_noetic_sensei/gym_gazebo/envs/ros_ws/src/wheel_gazebo/urdf/base.stl]
(1700371783 831608155) [Wrn] [SystemPaths.cc:460] File or path does not exist [""] [file:///home/mackenzie/enph353_gym-gazebo_noetic_sensei/gym_gazebo/envs/ros_ws/src/wheel_gazebo/urdf/base.stl]
(1700371783 831618912) [Err] [Visual.cc:3047] No mesh specified
(1700371783 831629772) [Wrn] [SystemPaths.cc:460] File or path does not exist ["/home/mackenzie/enph353_gym-gazebo_noetic_sensei/gym_gazebo/envs/ros_ws/src/wheel_gazebo/urdf/base.stl"] [/home/mackenzie/enph353_gym-gazebo_noetic_sensei/gym_gazebo/envs/ros_ws/src/wheel_gazebo/urdf/base.stl]
(1700371783 831725313) [Wrn] [SystemPaths.cc:460] File or path does not exist [""] [file:///home/mackenzie/enph353_gym-gazebo_noetic_sensei/gym_gazebo/envs/ros_ws/src/wheel_gazebo/urdf/base.stl]
