Gazebo multi-robot simulator, version 11.14.0
Copyright (C) 2012 Open Source Robotics Foundation.
Released under the Apache 2 License.
http://gazebosim.org


(1700364055 797292431) [Msg] Waiting for master.
(1700364055 799162898) [Msg] Connected to gazebo master @ http://127.0.0.1:14602
(1700364055 799176663) [Msg] Publicized address: 10.0.0.195
(1700364056 219178423) [Msg] Loading world file [/home/mackenzie/enph353_gym-gazebo-noetic/gym_gazebo/envs/ros_ws/src/wheel_gazebo/worlds/wheel.world]
(1700364056 290981400) Init world[default]
(1700364056 587961257) [Wrn] [SystemPaths.cc:460] File or path does not exist ["/home/mackenzie/enph353_gym-gazebo_noetic_sensei/gym_gazebo/envs/ros_ws/src/wheel_gazebo/urdf/base.stl"] [/home/mackenzie/enph353_gym-gazebo_noetic_sensei/gym_gazebo/envs/ros_ws/src/wheel_gazebo/urdf/base.stl]
(1700364056 588118227) [Wrn] [SystemPaths.cc:460] File or path does not exist [""] [file:///home/mackenzie/enph353_gym-gazebo_noetic_sensei/gym_gazebo/envs/ros_ws/src/wheel_gazebo/urdf/base.stl]
(1700364056 588138680) [Err] [MeshShape.cc:64] Failed to find mesh file [file:///home/mackenzie/enph353_gym-gazebo_noetic_sensei/gym_gazebo/envs/ros_ws/src/wheel_gazebo/urdf/base.stl]
(1700364056 588208293) [Wrn] [SystemPaths.cc:460] File or path does not exist ["/home/mackenzie/enph353_gym-gazebo_noetic_sensei/gym_gazebo/envs/ros_ws/src/wheel_gazebo/urdf/wheel.stl"] [/home/mackenzie/enph353_gym-gazebo_noetic_sensei/gym_gazebo/envs/ros_ws/src/wheel_gazebo/urdf/wheel.stl]
(1700364056 588392115) [Wrn] [SystemPaths.cc:460] File or path does not exist [""] [file:///home/mackenzie/enph353_gym-gazebo_noetic_sensei/gym_gazebo/envs/ros_ws/src/wheel_gazebo/urdf/wheel.stl]
(1700364056 588425623) [Err] [MeshShape.cc:64] Failed to find mesh file [file:///home/mackenzie/enph353_gym-gazebo_noetic_sensei/gym_gazebo/envs/ros_ws/src/wheel_gazebo/urdf/wheel.stl]
(1700364057 225040640) applying Gaussian noise model with mean 0, stddev 0.007, bias 0
(1700364057 257548612) [Wrn] [SystemPaths.cc:460] File or path does not exist ["/home/mackenzie/enph353_gym-gazebo_noetic_sensei/gym_gazebo/envs/ros_ws/src/wheel_gazebo/urdf/wheel.stl"] [/home/mackenzie/enph353_gym-gazebo_noetic_sensei/gym_gazebo/envs/ros_ws/src/wheel_gazebo/urdf/wheel.stl]
(1700364057 257634725) [Wrn] [SystemPaths.cc:460] File or path does not exist [""] [file:///home/mackenzie/enph353_gym-gazebo_noetic_sensei/gym_gazebo/envs/ros_ws/src/wheel_gazebo/urdf/wheel.stl]
(1700364057 257647213) [Err] [Visual.cc:3047] No mesh specified
(1700364057 257760300) [Wrn] [SystemPaths.cc:460] File or path does not exist ["/home/mackenzie/enph353_gym-gazebo_noetic_sensei/gym_gazebo/envs/ros_ws/src/wheel_gazebo/urdf/wheel.stl"] [/home/mackenzie/enph353_gym-gazebo_noetic_sensei/gym_gazebo/envs/ros_ws/src/wheel_gazebo/urdf/wheel.stl]
(1700364057 257842382) [Wrn] [SystemPaths.cc:460] File or path does not exist [""] [file:///home/mackenzie/enph353_gym-gazebo_noetic_sensei/gym_gazebo/envs/ros_ws/src/wheel_gazebo/urdf/wheel.stl]
(1700364057 257852865) [Err] [Visual.cc:3047] No mesh specified
(1700364057 257863497) [Wrn] [SystemPaths.cc:460] File or path does not exist ["/home/mackenzie/enph353_gym-gazebo_noetic_sensei/gym_gazebo/envs/ros_ws/src/wheel_gazebo/urdf/wheel.stl"] [/home/mackenzie/enph353_gym-gazebo_noetic_sensei/gym_gazebo/envs/ros_ws/src/wheel_gazebo/urdf/wheel.stl]
(1700364057 257945261) [Wrn] [SystemPaths.cc:460] File or path does not exist [""] [file:///home/mackenzie/enph353_gym-gazebo_noetic_sensei/gym_gazebo/envs/ros_ws/src/wheel_gazebo/urdf/wheel.stl]
(1700364057 258714866) [Wrn] [SystemPaths.cc:460] File or path does not exist ["/home/mackenzie/enph353_gym-gazebo_noetic_sensei/gym_gazebo/envs/ros_ws/src/wheel_gazebo/urdf/base.stl"] [/home/mackenzie/enph353_gym-gazebo_noetic_sensei/gym_gazebo/envs/ros_ws/src/wheel_gazebo/urdf/base.stl]
(1700364057 258809717) [Wrn] [SystemPaths.cc:460] File or path does not exist [""] [file:///home/mackenzie/enph353_gym-gazebo_noetic_sensei/gym_gazebo/envs/ros_ws/src/wheel_gazebo/urdf/base.stl]
(1700364057 258821674) [Err] [Visual.cc:3047] No mesh specified
(1700364057 258860248) [Wrn] [SystemPaths.cc:460] File or path does not exist ["/home/mackenzie/enph353_gym-gazebo_noetic_sensei/gym_gazebo/envs/ros_ws/src/wheel_gazebo/urdf/base.stl"] [/home/mackenzie/enph353_gym-gazebo_noetic_sensei/gym_gazebo/envs/ros_ws/src/wheel_gazebo/urdf/base.stl]
(1700364057 258955024) [Wrn] [SystemPaths.cc:460] File or path does not exist [""] [file:///home/mackenzie/enph353_gym-gazebo_noetic_sensei/gym_gazebo/envs/ros_ws/src/wheel_gazebo/urdf/base.stl]
(1700364057 258967035) [Err] [Visual.cc:3047] No mesh specified
(1700364057 258978744) [Wrn] [SystemPaths.cc:460] File or path does not exist ["/home/mackenzie/enph353_gym-gazebo_noetic_sensei/gym_gazebo/envs/ros_ws/src/wheel_gazebo/urdf/base.stl"] [/home/mackenzie/enph353_gym-gazebo_noetic_sensei/gym_gazebo/envs/ros_ws/src/wheel_gazebo/urdf/base.stl]
(1700364057 259073013) [Wrn] [SystemPaths.cc:460] File or path does not exist [""] [file:///home/mackenzie/enph353_gym-gazebo_noetic_sensei/gym_gazebo/envs/ros_ws/src/wheel_gazebo/urdf/base.stl]
