Gazebo multi-robot simulator, version 11.14.0
Copyright (C) 2012 Open Source Robotics Foundation.
Released under the Apache 2 License.
http://gazebosim.org


(1700359244 460936449) [Msg] Waiting for master.
(1700359244 462479956) [Msg] Connected to gazebo master @ http://127.0.0.1:14520
(1700359244 462494778) [Msg] Publicized address: 10.0.0.195
(1700359244 883635646) [Msg] Loading world file [/home/mackenzie/enph353_gym-gazebo-noetic/gym_gazebo/envs/ros_ws/src/wheel_gazebo/worlds/wheel.world]
(1700359244 954674780) Init world[default]
(1700359245 173048076) [Wrn] [SystemPaths.cc:460] File or path does not exist ["/home/mackenzie/enph353_gym-gazebo_noetic_sensei/gym_gazebo/envs/ros_ws/src/wheel_gazebo/urdf/base.stl"] [/home/mackenzie/enph353_gym-gazebo_noetic_sensei/gym_gazebo/envs/ros_ws/src/wheel_gazebo/urdf/base.stl]
(1700359245 173129069) [Wrn] [SystemPaths.cc:460] File or path does not exist [""] [file:///home/mackenzie/enph353_gym-gazebo_noetic_sensei/gym_gazebo/envs/ros_ws/src/wheel_gazebo/urdf/base.stl]
(1700359245 173141193) [Err] [MeshShape.cc:64] Failed to find mesh file [file:///home/mackenzie/enph353_gym-gazebo_noetic_sensei/gym_gazebo/envs/ros_ws/src/wheel_gazebo/urdf/base.stl]
(1700359245 173171644) [Wrn] [SystemPaths.cc:460] File or path does not exist ["/home/mackenzie/enph353_gym-gazebo_noetic_sensei/gym_gazebo/envs/ros_ws/src/wheel_gazebo/urdf/wheel.stl"] [/home/mackenzie/enph353_gym-gazebo_noetic_sensei/gym_gazebo/envs/ros_ws/src/wheel_gazebo/urdf/wheel.stl]
(1700359245 173255778) [Wrn] [SystemPaths.cc:460] File or path does not exist [""] [file:///home/mackenzie/enph353_gym-gazebo_noetic_sensei/gym_gazebo/envs/ros_ws/src/wheel_gazebo/urdf/wheel.stl]
(1700359245 173265735) [Err] [MeshShape.cc:64] Failed to find mesh file [file:///home/mackenzie/enph353_gym-gazebo_noetic_sensei/gym_gazebo/envs/ros_ws/src/wheel_gazebo/urdf/wheel.stl]
(1700359245 889338958) applying Gaussian noise model with mean 0, stddev 0.007, bias 0
(1700359245 923566380) [Wrn] [SystemPaths.cc:460] File or path does not exist ["/home/mackenzie/enph353_gym-gazebo_noetic_sensei/gym_gazebo/envs/ros_ws/src/wheel_gazebo/urdf/wheel.stl"] [/home/mackenzie/enph353_gym-gazebo_noetic_sensei/gym_gazebo/envs/ros_ws/src/wheel_gazebo/urdf/wheel.stl]
(1700359245 923654519) [Wrn] [SystemPaths.cc:460] File or path does not exist [""] [file:///home/mackenzie/enph353_gym-gazebo_noetic_sensei/gym_gazebo/envs/ros_ws/src/wheel_gazebo/urdf/wheel.stl]
(1700359245 923667028) [Err] [Visual.cc:3047] No mesh specified
(1700359245 923789066) [Wrn] [SystemPaths.cc:460] File or path does not exist ["/home/mackenzie/enph353_gym-gazebo_noetic_sensei/gym_gazebo/envs/ros_ws/src/wheel_gazebo/urdf/wheel.stl"] [/home/mackenzie/enph353_gym-gazebo_noetic_sensei/gym_gazebo/envs/ros_ws/src/wheel_gazebo/urdf/wheel.stl]
(1700359245 923878643) [Wrn] [SystemPaths.cc:460] File or path does not exist [""] [file:///home/mackenzie/enph353_gym-gazebo_noetic_sensei/gym_gazebo/envs/ros_ws/src/wheel_gazebo/urdf/wheel.stl]
(1700359245 923889029) [Err] [Visual.cc:3047] No mesh specified
(1700359245 923899652) [Wrn] [SystemPaths.cc:460] File or path does not exist ["/home/mackenzie/enph353_gym-gazebo_noetic_sensei/gym_gazebo/envs/ros_ws/src/wheel_gazebo/urdf/wheel.stl"] [/home/mackenzie/enph353_gym-gazebo_noetic_sensei/gym_gazebo/envs/ros_ws/src/wheel_gazebo/urdf/wheel.stl]
(1700359245 923983106) [Wrn] [SystemPaths.cc:460] File or path does not exist [""] [file:///home/mackenzie/enph353_gym-gazebo_noetic_sensei/gym_gazebo/envs/ros_ws/src/wheel_gazebo/urdf/wheel.stl]
(1700359245 924771295) [Wrn] [SystemPaths.cc:460] File or path does not exist ["/home/mackenzie/enph353_gym-gazebo_noetic_sensei/gym_gazebo/envs/ros_ws/src/wheel_gazebo/urdf/base.stl"] [/home/mackenzie/enph353_gym-gazebo_noetic_sensei/gym_gazebo/envs/ros_ws/src/wheel_gazebo/urdf/base.stl]
(1700359245 924857902) [Wrn] [SystemPaths.cc:460] File or path does not exist [""] [file:///home/mackenzie/enph353_gym-gazebo_noetic_sensei/gym_gazebo/envs/ros_ws/src/wheel_gazebo/urdf/base.stl]
(1700359245 924872369) [Err] [Visual.cc:3047] No mesh specified
(1700359245 924918915) [Wrn] [SystemPaths.cc:460] File or path does not exist ["/home/mackenzie/enph353_gym-gazebo_noetic_sensei/gym_gazebo/envs/ros_ws/src/wheel_gazebo/urdf/base.stl"] [/home/mackenzie/enph353_gym-gazebo_noetic_sensei/gym_gazebo/envs/ros_ws/src/wheel_gazebo/urdf/base.stl]
(1700359245 925049577) [Wrn] [SystemPaths.cc:460] File or path does not exist [""] [file:///home/mackenzie/enph353_gym-gazebo_noetic_sensei/gym_gazebo/envs/ros_ws/src/wheel_gazebo/urdf/base.stl]
(1700359245 925067511) [Err] [Visual.cc:3047] No mesh specified
(1700359245 925085790) [Wrn] [SystemPaths.cc:460] File or path does not exist ["/home/mackenzie/enph353_gym-gazebo_noetic_sensei/gym_gazebo/envs/ros_ws/src/wheel_gazebo/urdf/base.stl"] [/home/mackenzie/enph353_gym-gazebo_noetic_sensei/gym_gazebo/envs/ros_ws/src/wheel_gazebo/urdf/base.stl]
(1700359245 925219592) [Wrn] [SystemPaths.cc:460] File or path does not exist [""] [file:///home/mackenzie/enph353_gym-gazebo_noetic_sensei/gym_gazebo/envs/ros_ws/src/wheel_gazebo/urdf/base.stl]
