Gazebo multi-robot simulator, version 11.14.0
Copyright (C) 2012 Open Source Robotics Foundation.
Released under the Apache 2 License.
http://gazebosim.org


(1700364055 861521138) [Msg] Waiting for master.
(1700364055 869813713) [Msg] Connected to gazebo master @ http://127.0.0.1:14602
(1700364055 869836621) [Msg] Publicized address: 10.0.0.195
(1700364055 869982280) Loaded .ini file from: "/home/mackenzie/.gazebo/gui.ini"
(1700364057 156318491) No spacenav daemon found. Spacenav functionality is disabled
(1700364057 186670727) [Wrn] [SystemPaths.cc:460] File or path does not exist ["/home/mackenzie/enph353_gym-gazebo_noetic_sensei/gym_gazebo/envs/ros_ws/src/wheel_gazebo/urdf/wheel.stl"] [/home/mackenzie/enph353_gym-gazebo_noetic_sensei/gym_gazebo/envs/ros_ws/src/wheel_gazebo/urdf/wheel.stl]
(1700364057 186776993) [Wrn] [SystemPaths.cc:460] File or path does not exist [""] [file:///home/mackenzie/enph353_gym-gazebo_noetic_sensei/gym_gazebo/envs/ros_ws/src/wheel_gazebo/urdf/wheel.stl]
(1700364057 186793096) [Err] [Visual.cc:3047] No mesh specified
(1700364057 187008492) [Wrn] [SystemPaths.cc:460] File or path does not exist ["/home/mackenzie/enph353_gym-gazebo_noetic_sensei/gym_gazebo/envs/ros_ws/src/wheel_gazebo/urdf/wheel.stl"] [/home/mackenzie/enph353_gym-gazebo_noetic_sensei/gym_gazebo/envs/ros_ws/src/wheel_gazebo/urdf/wheel.stl]
(1700364057 187113151) [Wrn] [SystemPaths.cc:460] File or path does not exist [""] [file:///home/mackenzie/enph353_gym-gazebo_noetic_sensei/gym_gazebo/envs/ros_ws/src/wheel_gazebo/urdf/wheel.stl]
(1700364057 187127489) [Err] [Visual.cc:3047] No mesh specified
(1700364057 187146360) [Wrn] [SystemPaths.cc:460] File or path does not exist ["/home/mackenzie/enph353_gym-gazebo_noetic_sensei/gym_gazebo/envs/ros_ws/src/wheel_gazebo/urdf/wheel.stl"] [/home/mackenzie/enph353_gym-gazebo_noetic_sensei/gym_gazebo/envs/ros_ws/src/wheel_gazebo/urdf/wheel.stl]
(1700364057 187253609) [Wrn] [SystemPaths.cc:460] File or path does not exist [""] [file:///home/mackenzie/enph353_gym-gazebo_noetic_sensei/gym_gazebo/envs/ros_ws/src/wheel_gazebo/urdf/wheel.stl]
(1700364057 189176179) [Wrn] [SystemPaths.cc:460] File or path does not exist ["/home/mackenzie/enph353_gym-gazebo_noetic_sensei/gym_gazebo/envs/ros_ws/src/wheel_gazebo/urdf/wheel.stl"] [/home/mackenzie/enph353_gym-gazebo_noetic_sensei/gym_gazebo/envs/ros_ws/src/wheel_gazebo/urdf/wheel.stl]
(1700364057 189300717) [Wrn] [SystemPaths.cc:460] File or path does not exist [""] [file:///home/mackenzie/enph353_gym-gazebo_noetic_sensei/gym_gazebo/envs/ros_ws/src/wheel_gazebo/urdf/wheel.stl]
(1700364057 189317671) [Err] [Visual.cc:3047] No mesh specified
(1700364057 189338543) [Wrn] [SystemPaths.cc:460] File or path does not exist ["/home/mackenzie/enph353_gym-gazebo_noetic_sensei/gym_gazebo/envs/ros_ws/src/wheel_gazebo/urdf/wheel.stl"] [/home/mackenzie/enph353_gym-gazebo_noetic_sensei/gym_gazebo/envs/ros_ws/src/wheel_gazebo/urdf/wheel.stl]
(1700364057 189462168) [Wrn] [SystemPaths.cc:460] File or path does not exist [""] [file:///home/mackenzie/enph353_gym-gazebo_noetic_sensei/gym_gazebo/envs/ros_ws/src/wheel_gazebo/urdf/wheel.stl]
(1700364057 189534112) [Wrn] [SystemPaths.cc:460] File or path does not exist ["/home/mackenzie/enph353_gym-gazebo_noetic_sensei/gym_gazebo/envs/ros_ws/src/wheel_gazebo/urdf/wheel.stl"] [/home/mackenzie/enph353_gym-gazebo_noetic_sensei/gym_gazebo/envs/ros_ws/src/wheel_gazebo/urdf/wheel.stl]
(1700364057 189687503) [Wrn] [SystemPaths.cc:460] File or path does not exist [""] [file:///home/mackenzie/enph353_gym-gazebo_noetic_sensei/gym_gazebo/envs/ros_ws/src/wheel_gazebo/urdf/wheel.stl]
(1700364057 189708448) [Err] [Visual.cc:3047] No mesh specified
(1700364057 189733173) [Wrn] [SystemPaths.cc:460] File or path does not exist ["/home/mackenzie/enph353_gym-gazebo_noetic_sensei/gym_gazebo/envs/ros_ws/src/wheel_gazebo/urdf/wheel.stl"] [/home/mackenzie/enph353_gym-gazebo_noetic_sensei/gym_gazebo/envs/ros_ws/src/wheel_gazebo/urdf/wheel.stl]
(1700364057 189869393) [Wrn] [SystemPaths.cc:460] File or path does not exist [""] [file:///home/mackenzie/enph353_gym-gazebo_noetic_sensei/gym_gazebo/envs/ros_ws/src/wheel_gazebo/urdf/wheel.stl]
(1700364057 191277480) [Wrn] [SystemPaths.cc:460] File or path does not exist ["/home/mackenzie/enph353_gym-gazebo_noetic_sensei/gym_gazebo/envs/ros_ws/src/wheel_gazebo/urdf/base.stl"] [/home/mackenzie/enph353_gym-gazebo_noetic_sensei/gym_gazebo/envs/ros_ws/src/wheel_gazebo/urdf/base.stl]
(1700364057 191406386) [Wrn] [SystemPaths.cc:460] File or path does not exist [""] [file:///home/mackenzie/enph353_gym-gazebo_noetic_sensei/gym_gazebo/envs/ros_ws/src/wheel_gazebo/urdf/base.stl]
(1700364057 191423987) [Err] [Visual.cc:3047] No mesh specified
(1700364057 191494906) [Wrn] [SystemPaths.cc:460] File or path does not exist ["/home/mackenzie/enph353_gym-gazebo_noetic_sensei/gym_gazebo/envs/ros_ws/src/wheel_gazebo/urdf/base.stl"] [/home/mackenzie/enph353_gym-gazebo_noetic_sensei/gym_gazebo/envs/ros_ws/src/wheel_gazebo/urdf/base.stl]
(1700364057 191613597) [Wrn] [SystemPaths.cc:460] File or path does not exist [""] [file:///home/mackenzie/enph353_gym-gazebo_noetic_sensei/gym_gazebo/envs/ros_ws/src/wheel_gazebo/urdf/base.stl]
(1700364057 191630063) [Err] [Visual.cc:3047] No mesh specified
(1700364057 191650154) [Wrn] [SystemPaths.cc:460] File or path does not exist ["/home/mackenzie/enph353_gym-gazebo_noetic_sensei/gym_gazebo/envs/ros_ws/src/wheel_gazebo/urdf/base.stl"] [/home/mackenzie/enph353_gym-gazebo_noetic_sensei/gym_gazebo/envs/ros_ws/src/wheel_gazebo/urdf/base.stl]
(1700364057 191765083) [Wrn] [SystemPaths.cc:460] File or path does not exist [""] [file:///home/mackenzie/enph353_gym-gazebo_noetic_sensei/gym_gazebo/envs/ros_ws/src/wheel_gazebo/urdf/base.stl]
(1700364057 191811555) [Wrn] [SystemPaths.cc:460] File or path does not exist ["/home/mackenzie/enph353_gym-gazebo_noetic_sensei/gym_gazebo/envs/ros_ws/src/wheel_gazebo/urdf/base.stl"] [/home/mackenzie/enph353_gym-gazebo_noetic_sensei/gym_gazebo/envs/ros_ws/src/wheel_gazebo/urdf/base.stl]
(1700364057 191929882) [Wrn] [SystemPaths.cc:460] File or path does not exist [""] [file:///home/mackenzie/enph353_gym-gazebo_noetic_sensei/gym_gazebo/envs/ros_ws/src/wheel_gazebo/urdf/base.stl]
(1700364057 191945907) [Err] [Visual.cc:3047] No mesh specified
(1700364057 191963832) [Wrn] [SystemPaths.cc:460] File or path does not exist ["/home/mackenzie/enph353_gym-gazebo_noetic_sensei/gym_gazebo/envs/ros_ws/src/wheel_gazebo/urdf/base.stl"] [/home/mackenzie/enph353_gym-gazebo_noetic_sensei/gym_gazebo/envs/ros_ws/src/wheel_gazebo/urdf/base.stl]
(1700364057 192083047) [Wrn] [SystemPaths.cc:460] File or path does not exist [""] [file:///home/mackenzie/enph353_gym-gazebo_noetic_sensei/gym_gazebo/envs/ros_ws/src/wheel_gazebo/urdf/base.stl]
(1700364057 192126386) [Wrn] [SystemPaths.cc:460] File or path does not exist ["/home/mackenzie/enph353_gym-gazebo_noetic_sensei/gym_gazebo/envs/ros_ws/src/wheel_gazebo/urdf/base.stl"] [/home/mackenzie/enph353_gym-gazebo_noetic_sensei/gym_gazebo/envs/ros_ws/src/wheel_gazebo/urdf/base.stl]
(1700364057 192253985) [Wrn] [SystemPaths.cc:460] File or path does not exist [""] [file:///home/mackenzie/enph353_gym-gazebo_noetic_sensei/gym_gazebo/envs/ros_ws/src/wheel_gazebo/urdf/base.stl]
(1700364057 192270577) [Err] [Visual.cc:3047] No mesh specified
(1700364057 192295352) [Wrn] [SystemPaths.cc:460] File or path does not exist ["/home/mackenzie/enph353_gym-gazebo_noetic_sensei/gym_gazebo/envs/ros_ws/src/wheel_gazebo/urdf/base.stl"] [/home/mackenzie/enph353_gym-gazebo_noetic_sensei/gym_gazebo/envs/ros_ws/src/wheel_gazebo/urdf/base.stl]
(1700364057 192439891) [Wrn] [SystemPaths.cc:460] File or path does not exist [""] [file:///home/mackenzie/enph353_gym-gazebo_noetic_sensei/gym_gazebo/envs/ros_ws/src/wheel_gazebo/urdf/base.stl]
