Gazebo multi-robot simulator, version 11.14.0
Copyright (C) 2012 Open Source Robotics Foundation.
Released under the Apache 2 License.
http://gazebosim.org


(1700365137 641927236) [Msg] Waiting for master.
(1700365137 644713847) [Msg] Connected to gazebo master @ http://127.0.0.1:11530
(1700365137 644730804) [Msg] Publicized address: 10.0.0.195
(1700365137 644833615) Loaded .ini file from: "/home/mackenzie/.gazebo/gui.ini"
(1700365138 897719695) No spacenav daemon found. Spacenav functionality is disabled
(1700365138 924289111) [Wrn] [SystemPaths.cc:460] File or path does not exist ["/home/mackenzie/enph353_gym-gazebo_noetic_sensei/gym_gazebo/envs/ros_ws/src/wheel_gazebo/urdf/wheel.stl"] [/home/mackenzie/enph353_gym-gazebo_noetic_sensei/gym_gazebo/envs/ros_ws/src/wheel_gazebo/urdf/wheel.stl]
(1700365138 924371663) [Wrn] [SystemPaths.cc:460] File or path does not exist [""] [file:///home/mackenzie/enph353_gym-gazebo_noetic_sensei/gym_gazebo/envs/ros_ws/src/wheel_gazebo/urdf/wheel.stl]
(1700365138 924383070) [Err] [Visual.cc:3047] No mesh specified
(1700365138 924529372) [Wrn] [SystemPaths.cc:460] File or path does not exist ["/home/mackenzie/enph353_gym-gazebo_noetic_sensei/gym_gazebo/envs/ros_ws/src/wheel_gazebo/urdf/wheel.stl"] [/home/mackenzie/enph353_gym-gazebo_noetic_sensei/gym_gazebo/envs/ros_ws/src/wheel_gazebo/urdf/wheel.stl]
(1700365138 924608919) [Wrn] [SystemPaths.cc:460] File or path does not exist [""] [file:///home/mackenzie/enph353_gym-gazebo_noetic_sensei/gym_gazebo/envs/ros_ws/src/wheel_gazebo/urdf/wheel.stl]
(1700365138 924618778) [Err] [Visual.cc:3047] No mesh specified
(1700365138 924628718) [Wrn] [SystemPaths.cc:460] File or path does not exist ["/home/mackenzie/enph353_gym-gazebo_noetic_sensei/gym_gazebo/envs/ros_ws/src/wheel_gazebo/urdf/wheel.stl"] [/home/mackenzie/enph353_gym-gazebo_noetic_sensei/gym_gazebo/envs/ros_ws/src/wheel_gazebo/urdf/wheel.stl]
(1700365138 924707384) [Wrn] [SystemPaths.cc:460] File or path does not exist [""] [file:///home/mackenzie/enph353_gym-gazebo_noetic_sensei/gym_gazebo/envs/ros_ws/src/wheel_gazebo/urdf/wheel.stl]
(1700365138 924734857) [Wrn] [SystemPaths.cc:460] File or path does not exist ["/home/mackenzie/enph353_gym-gazebo_noetic_sensei/gym_gazebo/envs/ros_ws/src/wheel_gazebo/urdf/wheel.stl"] [/home/mackenzie/enph353_gym-gazebo_noetic_sensei/gym_gazebo/envs/ros_ws/src/wheel_gazebo/urdf/wheel.stl]
(1700365138 924813579) [Wrn] [SystemPaths.cc:460] File or path does not exist [""] [file:///home/mackenzie/enph353_gym-gazebo_noetic_sensei/gym_gazebo/envs/ros_ws/src/wheel_gazebo/urdf/wheel.stl]
(1700365138 924823203) [Err] [Visual.cc:3047] No mesh specified
(1700365138 924832323) [Wrn] [SystemPaths.cc:460] File or path does not exist ["/home/mackenzie/enph353_gym-gazebo_noetic_sensei/gym_gazebo/envs/ros_ws/src/wheel_gazebo/urdf/wheel.stl"] [/home/mackenzie/enph353_gym-gazebo_noetic_sensei/gym_gazebo/envs/ros_ws/src/wheel_gazebo/urdf/wheel.stl]
(1700365138 924911620) [Wrn] [SystemPaths.cc:460] File or path does not exist [""] [file:///home/mackenzie/enph353_gym-gazebo_noetic_sensei/gym_gazebo/envs/ros_ws/src/wheel_gazebo/urdf/wheel.stl]
(1700365138 925630157) [Wrn] [SystemPaths.cc:460] File or path does not exist ["/home/mackenzie/enph353_gym-gazebo_noetic_sensei/gym_gazebo/envs/ros_ws/src/wheel_gazebo/urdf/base.stl"] [/home/mackenzie/enph353_gym-gazebo_noetic_sensei/gym_gazebo/envs/ros_ws/src/wheel_gazebo/urdf/base.stl]
(1700365138 925711787) [Wrn] [SystemPaths.cc:460] File or path does not exist [""] [file:///home/mackenzie/enph353_gym-gazebo_noetic_sensei/gym_gazebo/envs/ros_ws/src/wheel_gazebo/urdf/base.stl]
(1700365138 925722147) [Err] [Visual.cc:3047] No mesh specified
(1700365138 925745570) [Wrn] [SystemPaths.cc:460] File or path does not exist ["/home/mackenzie/enph353_gym-gazebo_noetic_sensei/gym_gazebo/envs/ros_ws/src/wheel_gazebo/urdf/base.stl"] [/home/mackenzie/enph353_gym-gazebo_noetic_sensei/gym_gazebo/envs/ros_ws/src/wheel_gazebo/urdf/base.stl]
(1700365138 925825988) [Wrn] [SystemPaths.cc:460] File or path does not exist [""] [file:///home/mackenzie/enph353_gym-gazebo_noetic_sensei/gym_gazebo/envs/ros_ws/src/wheel_gazebo/urdf/base.stl]
(1700365138 925843573) [Err] [Visual.cc:3047] No mesh specified
(1700365138 925853297) [Wrn] [SystemPaths.cc:460] File or path does not exist ["/home/mackenzie/enph353_gym-gazebo_noetic_sensei/gym_gazebo/envs/ros_ws/src/wheel_gazebo/urdf/base.stl"] [/home/mackenzie/enph353_gym-gazebo_noetic_sensei/gym_gazebo/envs/ros_ws/src/wheel_gazebo/urdf/base.stl]
(1700365138 925934678) [Wrn] [SystemPaths.cc:460] File or path does not exist [""] [file:///home/mackenzie/enph353_gym-gazebo_noetic_sensei/gym_gazebo/envs/ros_ws/src/wheel_gazebo/urdf/base.stl]
(1700365138 925954418) [Wrn] [SystemPaths.cc:460] File or path does not exist ["/home/mackenzie/enph353_gym-gazebo_noetic_sensei/gym_gazebo/envs/ros_ws/src/wheel_gazebo/urdf/base.stl"] [/home/mackenzie/enph353_gym-gazebo_noetic_sensei/gym_gazebo/envs/ros_ws/src/wheel_gazebo/urdf/base.stl]
(1700365138 926041631) [Wrn] [SystemPaths.cc:460] File or path does not exist [""] [file:///home/mackenzie/enph353_gym-gazebo_noetic_sensei/gym_gazebo/envs/ros_ws/src/wheel_gazebo/urdf/base.stl]
(1700365138 926055533) [Err] [Visual.cc:3047] No mesh specified
(1700365138 926069254) [Wrn] [SystemPaths.cc:460] File or path does not exist ["/home/mackenzie/enph353_gym-gazebo_noetic_sensei/gym_gazebo/envs/ros_ws/src/wheel_gazebo/urdf/base.stl"] [/home/mackenzie/enph353_gym-gazebo_noetic_sensei/gym_gazebo/envs/ros_ws/src/wheel_gazebo/urdf/base.stl]
(1700365138 926184040) [Wrn] [SystemPaths.cc:460] File or path does not exist [""] [file:///home/mackenzie/enph353_gym-gazebo_noetic_sensei/gym_gazebo/envs/ros_ws/src/wheel_gazebo/urdf/base.stl]
